<?xml version="1.0" encoding="UTF-8"?>
<testsuite name="PhoneBookTest" tests="1" skipped="0" failures="0" errors="0" timestamp="2020-04-02T15:41:25" hostname="DESKTOP-DNIV660" time="105.561">
  <properties/>
  <testcase name="start" classname="PhoneBookTest" time="105.561"/>
  <system-out><![CDATA[?[1;31m
Start test 1?[0m
Start searching...
Found 500 / 500 entries. Time taken: 1 min. 4 sec. 298 ms.?[1;31m
Start test 2?[0m
Start searching...
Found 500 / 500 entries. Time taken: 0 min. 38 sec. 39 ms.]]></system-out>
  <system-err><![CDATA[]]></system-err>
</testsuite>
