<?xml version="1.0" encoding="UTF-8"?>
<testsuite name="SimpleBankSystemTest" tests="1" skipped="0" failures="0" errors="0" timestamp="2020-05-08T21:59:30" hostname="DESKTOP-DNIV660" time="0.204">
  <properties/>
  <testcase name="start" classname="SimpleBankSystemTest" time="0.204"/>
  <system-out><![CDATA[?[1;31m
Start test 1?[0m
1. Create account
2. Log into account
0. Exit
> 1
Your card have been created
Your card number:
4000002109661484
Your card PIN:
0277
1. Create account
2. Log into account
0. Exit
> 1
Your card have been created
Your card number:
4000001992838673
Your card PIN:
0273
1. Create account
2. Log into account
0. Exit
> 0
Bye!
?[1;31m
Start test 2?[0m
1. Create account
2. Log into account
0. Exit
> 1
Your card have been created
Your card number:
4000001998244293
Your card PIN:
0583
1. Create account
2. Log into account
0. Exit
> 2
Enter your card number:
> 4000001998244293
Enter your PIN:
> 0583
You have successfully logged in!
1. Balance
2. Log out
0. Exit
> 2
You have successfully logged out!
1. Create account
2. Log into account
0. Exit
> 0
Bye!
?[1;31m
Start test 3?[0m
1. Create account
2. Log into account
0. Exit
> 1
Your card have been created
Your card number:
4000009402076993
Your card PIN:
0869
1. Create account
2. Log into account
0. Exit
> 2
Enter your card number:
> 4000009402076993
Enter your PIN:
> 4725
Wrong card number or PIN!
1. Create account
2. Log into account
0. Exit
> 0
Bye!
?[1;31m
Start test 4?[0m
1. Create account
2. Log into account
0. Exit
> 1
Your card have been created
Your card number:
4000009846271299
Your card PIN:
0704
1. Create account
2. Log into account
0. Exit
> 2
Enter your card number:
> 400000410639783
Enter your PIN:
> 0704
Wrong card number or PIN!
1. Create account
2. Log into account
0. Exit
> 0
Bye!
?[1;31m
Start test 5?[0m
1. Create account
2. Log into account
0. Exit
> 1
Your card have been created
Your card number:
4000006015103247
Your card PIN:
0903
1. Create account
2. Log into account
0. Exit
> 2
Enter your card number:
> 4000006015103247
Enter your PIN:
> 0903
You have successfully logged in!
1. Balance
2. Log out
0. Exit
> 1
Balance: 0.000000
1. Balance
2. Log out
0. Exit
> 0
Bye!
]]></system-out>
  <system-err><![CDATA[]]></system-err>
</testsuite>
